app/build/intermediates/manifest_merge_blame_file/debug/manifest-merger-blame-debug-report.txt
1<?xml version="1.0" encoding="utf-8"?>
2<manifest xmlns:android="http://schemas.android.com/apk/res/android"
3    package="com.example.automotivetech"
4    android:versionCode="1"
5    android:versionName="1.0" >
6
7    <uses-sdk
8        android:minSdkVersion="19"
8-->src/main/AndroidManifest.xml
9        android:targetSdkVersion="33" />
9-->src/main/AndroidManifest.xml
10
11    <uses-feature
11-->src/main/AndroidManifest.xml:5:5-7:36
12        android:name="android.hardware.telephony"
12-->src/main/AndroidManifest.xml:6:9-50
13        android:required="false" />
13-->src/main/AndroidManifest.xml:7:9-33
14
15    <uses-permission android:name="android.permission.INTERNET" />
15-->src/main/AndroidManifest.xml:9:5-67
15-->src/main/AndroidManifest.xml:9:22-64
16    <uses-permission android:name="android.permission.CALL_PHONE" />
16-->src/main/AndroidManifest.xml:10:5-69
16-->src/main/AndroidManifest.xml:10:22-66
17    <uses-permission android:name="android.permission.ACCESS_NETWORK_STATE" />
17-->[com.google.firebase:firebase-auth:22.0.0] AndroidManifest.xml:26:5-79
17-->[com.google.firebase:firebase-auth:22.0.0] AndroidManifest.xml:26:22-76
18
19    <uses-feature
19-->[com.google.android.gms:play-services-maps:18.1.0] AndroidManifest.xml:26:5-28:35
20        android:glEsVersion="0x00020000"
20-->[com.google.android.gms:play-services-maps:18.1.0] AndroidManifest.xml:27:9-41
21        android:required="true" />
21-->[com.google.android.gms:play-services-maps:18.1.0] AndroidManifest.xml:28:9-32
22
23    <queries>
23-->[com.google.android.gms:play-services-maps:18.1.0] AndroidManifest.xml:30:5-34:15
24
25        <!-- Needs to be explicitly declared on Android R+ -->
26        <package android:name="com.google.android.apps.maps" />
26-->[com.google.android.gms:play-services-maps:18.1.0] AndroidManifest.xml:33:9-64
26-->[com.google.android.gms:play-services-maps:18.1.0] AndroidManifest.xml:33:18-61
27    </queries>
28
29    <uses-permission android:name="android.permission.WAKE_LOCK" />
29-->[com.google.android.gms:play-services-measurement-api:21.2.2] AndroidManifest.xml:24:5-68
29-->[com.google.android.gms:play-services-measurement-api:21.2.2] AndroidManifest.xml:24:22-65
30    <uses-permission android:name="com.google.android.gms.permission.AD_ID" />
30-->[com.google.android.gms:play-services-measurement-api:21.2.2] AndroidManifest.xml:25:5-79
30-->[com.google.android.gms:play-services-measurement-api:21.2.2] AndroidManifest.xml:25:22-76
31    <uses-permission android:name="com.google.android.finsky.permission.BIND_GET_INSTALL_REFERRER_SERVICE" />
31-->[com.google.android.gms:play-services-measurement:21.2.2] AndroidManifest.xml:26:5-110
31-->[com.google.android.gms:play-services-measurement:21.2.2] AndroidManifest.xml:26:22-107
32
33    <permission
33-->[androidx.core:core:1.10.0] AndroidManifest.xml:22:5-24:47
34        android:name="com.example.automotivetech.DYNAMIC_RECEIVER_NOT_EXPORTED_PERMISSION"
34-->[androidx.core:core:1.10.0] AndroidManifest.xml:23:9-81
35        android:protectionLevel="signature" />
35-->[androidx.core:core:1.10.0] AndroidManifest.xml:24:9-44
36
37    <uses-permission android:name="com.example.automotivetech.DYNAMIC_RECEIVER_NOT_EXPORTED_PERMISSION" />
37-->[androidx.core:core:1.10.0] AndroidManifest.xml:26:5-97
37-->[androidx.core:core:1.10.0] AndroidManifest.xml:26:22-94
38
39    <application
39-->src/main/AndroidManifest.xml:13:5-95:19
40        android:allowBackup="true"
40-->src/main/AndroidManifest.xml:14:9-35
41        android:appComponentFactory="androidx.core.app.CoreComponentFactory"
41-->[androidx.core:core:1.10.0] AndroidManifest.xml:28:18-86
42        android:dataExtractionRules="@xml/data_extraction_rules"
42-->src/main/AndroidManifest.xml:15:9-65
43        android:debuggable="true"
44        android:fullBackupContent="@xml/backup_rules"
44-->src/main/AndroidManifest.xml:16:9-54
45        android:icon="@drawable/repair"
45-->src/main/AndroidManifest.xml:17:9-40
46        android:label="@string/app_name"
46-->src/main/AndroidManifest.xml:18:9-41
47        android:roundIcon="@drawable/repair"
47-->src/main/AndroidManifest.xml:19:9-45
48        android:supportsRtl="true"
48-->src/main/AndroidManifest.xml:20:9-35
49        android:testOnly="true"
50        android:theme="@style/Theme.AutomotiveTech" >
50-->src/main/AndroidManifest.xml:21:9-52
51        <activity
51-->src/main/AndroidManifest.xml:23:9-25:40
52            android:name="com.example.automotivetech.ViewSparepartsActivity"
52-->src/main/AndroidManifest.xml:24:13-51
53            android:exported="false" />
53-->src/main/AndroidManifest.xml:25:13-37
54        <activity
54-->src/main/AndroidManifest.xml:26:9-28:40
55            android:name="com.example.automotivetech.AddSparepartsActivity"
55-->src/main/AndroidManifest.xml:27:13-50
56            android:exported="false" />
56-->src/main/AndroidManifest.xml:28:13-37
57        <activity
57-->src/main/AndroidManifest.xml:29:9-31:40
58            android:name="com.example.automotivetech.ViewmechanicActivity"
58-->src/main/AndroidManifest.xml:30:13-49
59            android:exported="false" />
59-->src/main/AndroidManifest.xml:31:13-37
60        <activity
60-->src/main/AndroidManifest.xml:32:9-34:40
61            android:name="com.example.automotivetech.AddmechANICActivity"
61-->src/main/AndroidManifest.xml:33:13-48
62            android:exported="false" />
62-->src/main/AndroidManifest.xml:34:13-37
63        <activity
63-->src/main/AndroidManifest.xml:35:9-37:40
64            android:name="com.example.automotivetech.ViewservicesActivity"
64-->src/main/AndroidManifest.xml:36:13-49
65            android:exported="false" />
65-->src/main/AndroidManifest.xml:37:13-37
66        <activity
66-->src/main/AndroidManifest.xml:38:9-40:40
67            android:name="com.example.automotivetech.AddservicesActivity"
67-->src/main/AndroidManifest.xml:39:13-48
68            android:exported="false" />
68-->src/main/AndroidManifest.xml:40:13-37
69        <activity
69-->src/main/AndroidManifest.xml:41:9-43:40
70            android:name="com.example.automotivetech.SparepartsWebsite"
70-->src/main/AndroidManifest.xml:42:13-46
71            android:exported="false" />
71-->src/main/AndroidManifest.xml:43:13-37
72        <activity
72-->src/main/AndroidManifest.xml:44:9-46:40
73            android:name="com.example.automotivetech.PurchaseAutosActivity"
73-->src/main/AndroidManifest.xml:45:13-50
74            android:exported="false" />
74-->src/main/AndroidManifest.xml:46:13-37
75        <activity
75-->src/main/AndroidManifest.xml:47:9-49:40
76            android:name="com.example.automotivetech.MechanicsActivity"
76-->src/main/AndroidManifest.xml:48:13-46
77            android:exported="false" />
77-->src/main/AndroidManifest.xml:49:13-37
78        <activity
78-->src/main/AndroidManifest.xml:50:9-52:40
79            android:name="com.example.automotivetech.VehicleinsuranceWebsite"
79-->src/main/AndroidManifest.xml:51:13-52
80            android:exported="false" />
80-->src/main/AndroidManifest.xml:52:13-37
81        <activity
81-->src/main/AndroidManifest.xml:53:9-55:40
82            android:name="com.example.automotivetech.CleaningTwoActivity"
82-->src/main/AndroidManifest.xml:54:13-48
83            android:exported="false" />
83-->src/main/AndroidManifest.xml:55:13-37
84        <activity
84-->src/main/AndroidManifest.xml:56:9-58:40
85            android:name="com.example.automotivetech.CleaningActivity"
85-->src/main/AndroidManifest.xml:57:13-45
86            android:exported="false" />
86-->src/main/AndroidManifest.xml:58:13-37
87        <activity
87-->src/main/AndroidManifest.xml:59:9-61:40
88            android:name="com.example.automotivetech.InsuranceActivity"
88-->src/main/AndroidManifest.xml:60:13-46
89            android:exported="false" />
89-->src/main/AndroidManifest.xml:61:13-37
90        <activity
90-->src/main/AndroidManifest.xml:62:9-64:40
91            android:name="com.example.automotivetech.FuelActivity"
91-->src/main/AndroidManifest.xml:63:13-41
92            android:exported="false" />
92-->src/main/AndroidManifest.xml:64:13-37
93        <activity
93-->src/main/AndroidManifest.xml:65:9-67:40
94            android:name="com.example.automotivetech.NtsawebsiteActivity"
94-->src/main/AndroidManifest.xml:66:13-48
95            android:exported="false" />
95-->src/main/AndroidManifest.xml:67:13-37
96        <activity
96-->src/main/AndroidManifest.xml:68:9-70:40
97            android:name="com.example.automotivetech.HomepageActivity"
97-->src/main/AndroidManifest.xml:69:13-45
98            android:exported="false" />
98-->src/main/AndroidManifest.xml:70:13-37
99        <activity
99-->src/main/AndroidManifest.xml:71:9-73:40
100            android:name="com.example.automotivetech.AutoserviceActivity"
100-->src/main/AndroidManifest.xml:72:13-48
101            android:exported="false" />
101-->src/main/AndroidManifest.xml:73:13-37
102        <activity
102-->src/main/AndroidManifest.xml:74:9-76:40
103            android:name="com.example.automotivetech.MaintainingActivity"
103-->src/main/AndroidManifest.xml:75:13-48
104            android:exported="false" />
104-->src/main/AndroidManifest.xml:76:13-37
105        <activity
105-->src/main/AndroidManifest.xml:77:9-79:40
106            android:name="com.example.automotivetech.FullvehicleserviceActivity"
106-->src/main/AndroidManifest.xml:78:13-55
107            android:exported="false" />
107-->src/main/AndroidManifest.xml:79:13-37
108        <activity
108-->src/main/AndroidManifest.xml:80:9-82:40
109            android:name="com.example.automotivetech.ServicesActivity"
109-->src/main/AndroidManifest.xml:81:13-45
110            android:exported="false" />
110-->src/main/AndroidManifest.xml:82:13-37
111        <activity
111-->src/main/AndroidManifest.xml:83:9-85:40
112            android:name="com.example.automotivetech.SigninActivity"
112-->src/main/AndroidManifest.xml:84:13-43
113            android:exported="false" />
113-->src/main/AndroidManifest.xml:85:13-37
114        <activity
114-->src/main/AndroidManifest.xml:86:9-94:20
115            android:name="com.example.automotivetech.MainActivity"
115-->src/main/AndroidManifest.xml:87:13-41
116            android:exported="true" >
116-->src/main/AndroidManifest.xml:88:13-36
117            <intent-filter>
117-->src/main/AndroidManifest.xml:89:13-93:29
118                <action android:name="android.intent.action.MAIN" />
118-->src/main/AndroidManifest.xml:90:17-69
118-->src/main/AndroidManifest.xml:90:25-66
119
120                <category android:name="android.intent.category.LAUNCHER" />
120-->src/main/AndroidManifest.xml:92:17-77
120-->src/main/AndroidManifest.xml:92:27-74
121            </intent-filter>
122        </activity>
123
124        <service
124-->[com.google.firebase:firebase-auth-ktx:22.0.0] AndroidManifest.xml:8:9-14:19
125            android:name="com.google.firebase.components.ComponentDiscoveryService"
125-->[com.google.firebase:firebase-auth-ktx:22.0.0] AndroidManifest.xml:9:13-84
126            android:directBootAware="true"
126-->[com.google.firebase:firebase-common:20.3.2] AndroidManifest.xml:34:13-43
127            android:exported="false" >
127-->[com.google.firebase:firebase-auth-ktx:22.0.0] AndroidManifest.xml:10:13-37
128            <meta-data
128-->[com.google.firebase:firebase-auth-ktx:22.0.0] AndroidManifest.xml:11:13-13:85
129                android:name="com.google.firebase.components:com.google.firebase.auth.ktx.FirebaseAuthKtxRegistrar"
129-->[com.google.firebase:firebase-auth-ktx:22.0.0] AndroidManifest.xml:12:17-116
130                android:value="com.google.firebase.components.ComponentRegistrar" />
130-->[com.google.firebase:firebase-auth-ktx:22.0.0] AndroidManifest.xml:13:17-82
131            <meta-data
131-->[com.google.firebase:firebase-database-ktx:20.2.1] AndroidManifest.xml:14:13-16:85
132                android:name="com.google.firebase.components:com.google.firebase.database.ktx.FirebaseDatabaseKtxRegistrar"
132-->[com.google.firebase:firebase-database-ktx:20.2.1] AndroidManifest.xml:15:17-124
133                android:value="com.google.firebase.components.ComponentRegistrar" />
133-->[com.google.firebase:firebase-database-ktx:20.2.1] AndroidManifest.xml:16:17-82
134            <meta-data
134-->[com.google.firebase:firebase-analytics-ktx:21.2.2] AndroidManifest.xml:11:13-13:85
135                android:name="com.google.firebase.components:com.google.firebase.analytics.ktx.FirebaseAnalyticsKtxRegistrar"
135-->[com.google.firebase:firebase-analytics-ktx:21.2.2] AndroidManifest.xml:12:17-126
136                android:value="com.google.firebase.components.ComponentRegistrar" />
136-->[com.google.firebase:firebase-analytics-ktx:21.2.2] AndroidManifest.xml:13:17-82
137            <meta-data
137-->[com.google.firebase:firebase-common-ktx:20.3.2] AndroidManifest.xml:14:13-16:85
138                android:name="com.google.firebase.components:com.google.firebase.ktx.FirebaseCommonKtxRegistrar"
138-->[com.google.firebase:firebase-common-ktx:20.3.2] AndroidManifest.xml:15:17-113
139                android:value="com.google.firebase.components.ComponentRegistrar" />
139-->[com.google.firebase:firebase-common-ktx:20.3.2] AndroidManifest.xml:16:17-82
140            <meta-data
140-->[com.google.firebase:firebase-auth:22.0.0] AndroidManifest.xml:69:13-71:85
141                android:name="com.google.firebase.components:com.google.firebase.auth.FirebaseAuthRegistrar"
141-->[com.google.firebase:firebase-auth:22.0.0] AndroidManifest.xml:70:17-109
142                android:value="com.google.firebase.components.ComponentRegistrar" />
142-->[com.google.firebase:firebase-auth:22.0.0] AndroidManifest.xml:71:17-82
143            <meta-data
143-->[com.google.firebase:firebase-database:20.2.1] AndroidManifest.xml:31:13-33:85
144                android:name="com.google.firebase.components:com.google.firebase.database.DatabaseRegistrar"
144-->[com.google.firebase:firebase-database:20.2.1] AndroidManifest.xml:32:17-109
145                android:value="com.google.firebase.components.ComponentRegistrar" />
145-->[com.google.firebase:firebase-database:20.2.1] AndroidManifest.xml:33:17-82
146            <meta-data
146-->[com.google.android.gms:play-services-measurement-api:21.2.2] AndroidManifest.xml:31:13-33:85
147                android:name="com.google.firebase.components:com.google.firebase.analytics.connector.internal.AnalyticsConnectorRegistrar"
147-->[com.google.android.gms:play-services-measurement-api:21.2.2] AndroidManifest.xml:32:17-139
148                android:value="com.google.firebase.components.ComponentRegistrar" />
148-->[com.google.android.gms:play-services-measurement-api:21.2.2] AndroidManifest.xml:33:17-82
149            <meta-data
149-->[com.google.firebase:firebase-installations:17.1.3] AndroidManifest.xml:17:13-19:85
150                android:name="com.google.firebase.components:com.google.firebase.installations.FirebaseInstallationsRegistrar"
150-->[com.google.firebase:firebase-installations:17.1.3] AndroidManifest.xml:18:17-127
151                android:value="com.google.firebase.components.ComponentRegistrar" />
151-->[com.google.firebase:firebase-installations:17.1.3] AndroidManifest.xml:19:17-82
152        </service>
153
154        <activity
154-->[com.google.firebase:firebase-auth:22.0.0] AndroidManifest.xml:29:9-46:20
155            android:name="com.google.firebase.auth.internal.GenericIdpActivity"
155-->[com.google.firebase:firebase-auth:22.0.0] AndroidManifest.xml:30:13-80
156            android:excludeFromRecents="true"
156-->[com.google.firebase:firebase-auth:22.0.0] AndroidManifest.xml:31:13-46
157            android:exported="true"
157-->[com.google.firebase:firebase-auth:22.0.0] AndroidManifest.xml:32:13-36
158            android:launchMode="singleTask"
158-->[com.google.firebase:firebase-auth:22.0.0] AndroidManifest.xml:33:13-44
159            android:theme="@android:style/Theme.Translucent.NoTitleBar" >
159-->[com.google.firebase:firebase-auth:22.0.0] AndroidManifest.xml:34:13-72
160            <intent-filter>
160-->[com.google.firebase:firebase-auth:22.0.0] AndroidManifest.xml:35:13-45:29
161                <action android:name="android.intent.action.VIEW" />
161-->[com.google.firebase:firebase-auth:22.0.0] AndroidManifest.xml:36:17-69
161-->[com.google.firebase:firebase-auth:22.0.0] AndroidManifest.xml:36:25-66
162
163                <category android:name="android.intent.category.DEFAULT" />
163-->[com.google.firebase:firebase-auth:22.0.0] AndroidManifest.xml:38:17-76
163-->[com.google.firebase:firebase-auth:22.0.0] AndroidManifest.xml:38:27-73
164                <category android:name="android.intent.category.BROWSABLE" />
164-->[com.google.firebase:firebase-auth:22.0.0] AndroidManifest.xml:39:17-78
164-->[com.google.firebase:firebase-auth:22.0.0] AndroidManifest.xml:39:27-75
165
166                <data
166-->[com.google.firebase:firebase-auth:22.0.0] AndroidManifest.xml:41:17-44:51
167                    android:host="firebase.auth"
167-->[com.google.firebase:firebase-auth:22.0.0] AndroidManifest.xml:42:21-49
168                    android:path="/"
168-->[com.google.firebase:firebase-auth:22.0.0] AndroidManifest.xml:43:21-37
169                    android:scheme="genericidp" />
169-->[com.google.firebase:firebase-auth:22.0.0] AndroidManifest.xml:44:21-48
170            </intent-filter>
171        </activity>
172        <activity
172-->[com.google.firebase:firebase-auth:22.0.0] AndroidManifest.xml:47:9-64:20
173            android:name="com.google.firebase.auth.internal.RecaptchaActivity"
173-->[com.google.firebase:firebase-auth:22.0.0] AndroidManifest.xml:48:13-79
174            android:excludeFromRecents="true"
174-->[com.google.firebase:firebase-auth:22.0.0] AndroidManifest.xml:49:13-46
175            android:exported="true"
175-->[com.google.firebase:firebase-auth:22.0.0] AndroidManifest.xml:50:13-36
176            android:launchMode="singleTask"
176-->[com.google.firebase:firebase-auth:22.0.0] AndroidManifest.xml:51:13-44
177            android:theme="@android:style/Theme.Translucent.NoTitleBar" >
177-->[com.google.firebase:firebase-auth:22.0.0] AndroidManifest.xml:52:13-72
178            <intent-filter>
178-->[com.google.firebase:firebase-auth:22.0.0] AndroidManifest.xml:53:13-63:29
179                <action android:name="android.intent.action.VIEW" />
179-->[com.google.firebase:firebase-auth:22.0.0] AndroidManifest.xml:36:17-69
179-->[com.google.firebase:firebase-auth:22.0.0] AndroidManifest.xml:36:25-66
180
181                <category android:name="android.intent.category.DEFAULT" />
181-->[com.google.firebase:firebase-auth:22.0.0] AndroidManifest.xml:38:17-76
181-->[com.google.firebase:firebase-auth:22.0.0] AndroidManifest.xml:38:27-73
182                <category android:name="android.intent.category.BROWSABLE" />
182-->[com.google.firebase:firebase-auth:22.0.0] AndroidManifest.xml:39:17-78
182-->[com.google.firebase:firebase-auth:22.0.0] AndroidManifest.xml:39:27-75
183
184                <data
184-->[com.google.firebase:firebase-auth:22.0.0] AndroidManifest.xml:41:17-44:51
185                    android:host="firebase.auth"
185-->[com.google.firebase:firebase-auth:22.0.0] AndroidManifest.xml:42:21-49
186                    android:path="/"
186-->[com.google.firebase:firebase-auth:22.0.0] AndroidManifest.xml:43:21-37
187                    android:scheme="recaptcha" />
187-->[com.google.firebase:firebase-auth:22.0.0] AndroidManifest.xml:44:21-48
188            </intent-filter>
189        </activity> <!-- Needs to be explicitly declared on P+ -->
190        <uses-library
190-->[com.google.android.gms:play-services-maps:18.1.0] AndroidManifest.xml:39:9-41:40
191            android:name="org.apache.http.legacy"
191-->[com.google.android.gms:play-services-maps:18.1.0] AndroidManifest.xml:40:13-50
192            android:required="false" />
192-->[com.google.android.gms:play-services-maps:18.1.0] AndroidManifest.xml:41:13-37
193
194        <provider
194-->[com.google.firebase:firebase-common:20.3.2] AndroidManifest.xml:25:9-30:39
195            android:name="com.google.firebase.provider.FirebaseInitProvider"
195-->[com.google.firebase:firebase-common:20.3.2] AndroidManifest.xml:26:13-77
196            android:authorities="com.example.automotivetech.firebaseinitprovider"
196-->[com.google.firebase:firebase-common:20.3.2] AndroidManifest.xml:27:13-72
197            android:directBootAware="true"
197-->[com.google.firebase:firebase-common:20.3.2] AndroidManifest.xml:28:13-43
198            android:exported="false"
198-->[com.google.firebase:firebase-common:20.3.2] AndroidManifest.xml:29:13-37
199            android:initOrder="100" />
199-->[com.google.firebase:firebase-common:20.3.2] AndroidManifest.xml:30:13-36
200
201        <activity
201-->[com.google.android.gms:play-services-base:18.1.0] AndroidManifest.xml:20:9-22:45
202            android:name="com.google.android.gms.common.api.GoogleApiActivity"
202-->[com.google.android.gms:play-services-base:18.1.0] AndroidManifest.xml:20:19-85
203            android:exported="false"
203-->[com.google.android.gms:play-services-base:18.1.0] AndroidManifest.xml:22:19-43
204            android:theme="@android:style/Theme.Translucent.NoTitleBar" />
204-->[com.google.android.gms:play-services-base:18.1.0] AndroidManifest.xml:21:19-78
205
206        <receiver
206-->[com.google.android.gms:play-services-measurement:21.2.2] AndroidManifest.xml:29:9-33:20
207            android:name="com.google.android.gms.measurement.AppMeasurementReceiver"
207-->[com.google.android.gms:play-services-measurement:21.2.2] AndroidManifest.xml:30:13-85
208            android:enabled="true"
208-->[com.google.android.gms:play-services-measurement:21.2.2] AndroidManifest.xml:31:13-35
209            android:exported="false" >
209-->[com.google.android.gms:play-services-measurement:21.2.2] AndroidManifest.xml:32:13-37
210        </receiver>
211
212        <service
212-->[com.google.android.gms:play-services-measurement:21.2.2] AndroidManifest.xml:35:9-38:40
213            android:name="com.google.android.gms.measurement.AppMeasurementService"
213-->[com.google.android.gms:play-services-measurement:21.2.2] AndroidManifest.xml:36:13-84
214            android:enabled="true"
214-->[com.google.android.gms:play-services-measurement:21.2.2] AndroidManifest.xml:37:13-35
215            android:exported="false" />
215-->[com.google.android.gms:play-services-measurement:21.2.2] AndroidManifest.xml:38:13-37
216        <service
216-->[com.google.android.gms:play-services-measurement:21.2.2] AndroidManifest.xml:39:9-43:72
217            android:name="com.google.android.gms.measurement.AppMeasurementJobService"
217-->[com.google.android.gms:play-services-measurement:21.2.2] AndroidManifest.xml:40:13-87
218            android:enabled="true"
218-->[com.google.android.gms:play-services-measurement:21.2.2] AndroidManifest.xml:41:13-35
219            android:exported="false"
219-->[com.google.android.gms:play-services-measurement:21.2.2] AndroidManifest.xml:42:13-37
220            android:permission="android.permission.BIND_JOB_SERVICE" />
220-->[com.google.android.gms:play-services-measurement:21.2.2] AndroidManifest.xml:43:13-69
221
222        <meta-data
222-->[com.google.android.gms:play-services-basement:18.1.0] AndroidManifest.xml:21:9-23:69
223            android:name="com.google.android.gms.version"
223-->[com.google.android.gms:play-services-basement:18.1.0] AndroidManifest.xml:22:13-58
224            android:value="@integer/google_play_services_version" />
224-->[com.google.android.gms:play-services-basement:18.1.0] AndroidManifest.xml:23:13-66
225
226        <provider
226-->[androidx.emoji2:emoji2:1.2.0] AndroidManifest.xml:24:9-32:20
227            android:name="androidx.startup.InitializationProvider"
227-->[androidx.emoji2:emoji2:1.2.0] AndroidManifest.xml:25:13-67
228            android:authorities="com.example.automotivetech.androidx-startup"
228-->[androidx.emoji2:emoji2:1.2.0] AndroidManifest.xml:26:13-68
229            android:exported="false" >
229-->[androidx.emoji2:emoji2:1.2.0] AndroidManifest.xml:27:13-37
230            <meta-data
230-->[androidx.emoji2:emoji2:1.2.0] AndroidManifest.xml:29:13-31:52
231                android:name="androidx.emoji2.text.EmojiCompatInitializer"
231-->[androidx.emoji2:emoji2:1.2.0] AndroidManifest.xml:30:17-75
232                android:value="androidx.startup" />
232-->[androidx.emoji2:emoji2:1.2.0] AndroidManifest.xml:31:17-49
233            <meta-data
233-->[androidx.lifecycle:lifecycle-process:2.4.1] AndroidManifest.xml:31:13-33:52
234                android:name="androidx.lifecycle.ProcessLifecycleInitializer"
234-->[androidx.lifecycle:lifecycle-process:2.4.1] AndroidManifest.xml:32:17-78
235                android:value="androidx.startup" />
235-->[androidx.lifecycle:lifecycle-process:2.4.1] AndroidManifest.xml:33:17-49
236        </provider>
237    </application>
238
239</manifest>